


materialPath: E:\Steam\steamapps\common\GarrysMod\garrysmod\materials
Loading E:\hammer\gm_starpass2\gm_starpass2\gm_starpass2_beta.vmf
Could not locate 'GameData' key in e:\steam\steamapps\common\garrysmod\garrysmod\gameinfo.txt
Patching WVT material: maps/gm_starpass2_beta/gm_wolfsight/nature/grass_01_blend5_wvt_patch
fixing up env_cubemap materials on brush sides...
0...1...2...3...4...5...6...7...8...9...100...1...2...3...4...5...6...7...8...9...10Processing areas...done (0)
Building Faces...done (0)
Chop Details...done (0)
Find Visible Detail Sides...
Merged 4 detail faces...done (0)
Merging details...done (0)
FixTjuncs...
PruneNodes...
WriteBSP...
done (0)
writing E:\hammer\gm_starpass2\gm_starpass2\gm_starpass2_beta.prt...Building visibility clusters...
done (0)
Creating default LDR cubemaps for env_cubemap using skybox materials:
   skybox/sky_day01_01*.vmt
 ! Run buildcubemaps in the engine to get the correct cube maps.
Creating default HDR cubemaps for env_cubemap using skybox materials:
   skybox/sky_day01_01*.vmt
 ! Run buildcubemaps in the engine to get the correct cube maps.
Finding displacement neighbors...
Finding lightmap sample positions...
Displacement Alpha : 0...1...2...3...4...5...6...7...8...9...10
Building Physics collision data...
done (0) (39356 bytes)
Placing detail props : 0...1...2...3...4...5...6...7...8...9...10
Compacting texture/material tables...
Reduced 287 texinfos to 128
Reduced 10 texdatas to 9 (265 bytes to 229)
Writing E:\hammer\gm_starpass2\gm_starpass2\gm_starpass2_beta.bsp
2 seconds elapsed



8 threads
reading e:\hammer\gm_starpass2\gm_starpass2\gm_starpass2_beta.bsp
reading e:\hammer\gm_starpass2\gm_starpass2\gm_starpass2_beta.prt
1797 portalclusters
3588 numportals
0...1...2...3...4...5...6...7...8...9...10Optimized: 26095 visible clusters (1.00%)
Total clusters visible: 2614806
Average clusters visible: 1455
Building PAS...
Average clusters audible: 1797
visdatasize:817314  compressed from 833808
writing e:\hammer\gm_starpass2\gm_starpass2\gm_starpass2_beta.bsp
0 seconds elapsed



[Reading texlights from 'lights.rad']
[45 texlights parsed from 'lights.rad']

Loading e:\hammer\gm_starpass2\gm_starpass2\gm_starpass2_beta.bsp
6464 faces
28635258 square feet [4123476992.00 square inches]
0 Displacements
0 Square Feet [0.00 Square Inches]
6464 patches before subdivision
210386 patches after subdivision
0 direct lights
0...1...2...3...4...5...6...7...8...9...100...1...2...3...4...5...6...7...8...9...10transfers 2083006, max 2460
transfer lists:  15.9 megs
0...1...2...3...4...5...6...7...8...9...10	Bounce #1 added RGB(0, 0, 0)
Build Patch/Sample Hash Table(s).....Done<0.2143 sec>
0...1...2...3...4...5...6...7...8...9...10FinalLightFace Done
0 of 0 (0% of) surface lights went in leaf ambient cubes.
0...1...2...3...4...5...6...7...8...9...10Writing leaf ambient...done
Ready to Finish

Object names       Objects/Maxobjs  Memory / Maxmem  Fullness 
------------       ---------------  ---------------  -------- 
models                  53/1024         2544/49152    ( 5.2%) 
brushes                 98/8192         1176/98304    ( 1.2%) 
brushsides             633/65536        5064/524288   ( 1.0%) 
planes                 818/65536       16360/1310720  ( 1.2%) 
vertexes              7361/65536       88332/786432   (11.2%) 
nodes                 5119/65536      163808/2097152  ( 7.8%) 
texinfos               128/12288        9216/884736   ( 1.0%) 
texdata                  9/2048          288/65536    ( 0.4%) 
dispinfos                0/0               0/0        ( 0.0%) 
disp_verts               0/0               0/0        ( 0.0%) 
disp_tris                0/0               0/0        ( 0.0%) 
disp_lmsamples           0/0               0/0        ( 0.0%) 
faces                 6464/65536      361984/3670016  ( 9.9%) 
hdr faces                0/65536           0/3670016  ( 0.0%) 
origfaces              275/65536       15400/3670016  ( 0.4%) 
leaves                5173/65536      165536/2097152  ( 7.9%) 
leaffaces             6618/65536       13236/131072   (10.1%) 
leafbrushes           3267/65536        6534/131072   ( 5.0%) 
areas                    2/256            16/2048     ( 0.8%) 
surfedges            27268/512000     109072/2048000  ( 5.3%) 
edges                13901/256000      55604/1024000  ( 5.4%) 
LDR worldlights          0/8192            0/720896   ( 0.0%) 
HDR worldlights          0/8192            0/720896   ( 0.0%) 
leafwaterdata            0/32768           0/393216   ( 0.0%) 
waterstrips             14/32768         140/327680   ( 0.0%) 
waterverts               0/65536           0/786432   ( 0.0%) 
waterindices           246/65536         492/131072   ( 0.4%) 
cubemapsamples           0/1024            0/16384    ( 0.0%) 
overlays                 0/512             0/180224   ( 0.0%) 
LDR lightdata         [variable]     7030992/0        ( 0.0%) 
HDR lightdata         [variable]           0/0        ( 0.0%) 
visdata               [variable]      817314/16777216 ( 4.9%) 
entdata               [variable]       60286/393216   (15.3%) 
LDR ambient table     5173/65536       20692/262144   ( 7.9%) 
HDR ambient table     5173/65536       20692/262144   ( 7.9%) 
LDR leaf ambient      2109/65536       59052/1835008  ( 3.2%) 
HDR leaf ambient      5173/65536      144844/1835008  ( 7.9%) 
occluders                0/0               0/0        ( 0.0%) 
occluder polygons        0/0               0/0        ( 0.0%) 
occluder vert ind        0/0               0/0        ( 0.0%) 
detail props          [variable]           1/12       ( 8.3%) 
static props          [variable]           1/8498     ( 0.0%) 
pakfile               [variable]      106220/0        ( 0.0%) 
physics               [variable]       39356/4194304  ( 0.9%) 
physics terrain       [variable]           2/1048576  ( 0.0%) 

Level flags = 0

Total triangle count: 13240
Writing e:\hammer\gm_starpass2\gm_starpass2\gm_starpass2_beta.bsp
1 minute, 37 seconds elapsed
